pseudo: path mismatch [2 links]: ino 1644392 db '/run/shm/sem.mp15031-8' req '/run/shm/sem.S6ZXnL'.
pseudo: path mismatch [2 links]: ino 1644393 db '/run/shm/sem.mp15031-9' req '/run/shm/sem.UnSM6i'.
pseudo: path mismatch [2 links]: ino 1644395 db '/run/shm/sem.mp15031-10' req '/run/shm/sem.YvtEPQ'.
pseudo: path mismatch [2 links]: ino 1644396 db '/run/shm/sem.mp15031-11' req '/run/shm/sem.sRayyo'.
pseudo: path mismatch [2 links]: ino 1644681 db '/run/shm/sem.mp15031-12' req '/run/shm/sem.4IkkRW'.
pseudo: path mismatch [2 links]: ino 1644682 db '/run/shm/sem.mp15031-13' req '/run/shm/sem.5c899u'.
pseudo: path mismatch [2 links]: ino 1644684 db '/run/shm/sem.mp15031-14' req '/run/shm/sem.Sq01s3'.
pseudo: path mismatch [2 links]: ino 1644685 db '/run/shm/sem.mp15031-15' req '/run/shm/sem.RwIVLB'.
pseudo: creat for '/home/sangmin/QorIQ-SDK-V1.4-20130625-yocto/build_p2020rdb_release/tmp/deploy/rpm/p2020rdb/u-boot-images-git-r33.p2020rdb.rpm' replaces existing 5248556 ['no path'].
pseudo: creat for '/home/sangmin/QorIQ-SDK-V1.4-20130625-yocto/build_p2020rdb_release/tmp/deploy/rpm/p2020rdb/u-boot-dev-git-r33.p2020rdb.rpm' replaces existing 5248557 ['no path'].
pseudo: creat for '/home/sangmin/QorIQ-SDK-V1.4-20130625-yocto/build_p2020rdb_release/tmp/deploy/rpm/p2020rdb/u-boot-dbg-git-r33.p2020rdb.rpm' replaces existing 5248558 ['no path'].
pseudo: creat for '/home/sangmin/QorIQ-SDK-V1.4-20130625-yocto/build_p2020rdb_release/tmp/deploy/rpm/p2020rdb/u-boot-git-r33.p2020rdb.rpm' replaces existing 5248559 ['no path'].
pseudo: dir err : 6292065 ['/home/sangmin/QorIQ-SDK-V1.4-20130625-yocto/build_p2020rdb_release/tmp/work/p2020rdb-fsl_networking-linux-gnuspe/u-boot/git-r33/package'] (db 'no path') db mode 0100755, header mode 040755 (unlinking db)
pseudo: dir err : 6292117 ['/home/sangmin/QorIQ-SDK-V1.4-20130625-yocto/build_p2020rdb_release/tmp/work/p2020rdb-fsl_networking-linux-gnuspe/u-boot/git-r33/package/boot'] (db 'no path') db mode 0100755, header mode 040700 (unlinking db)
pseudo: creat for '/home/sangmin/QorIQ-SDK-V1.4-20130625-yocto/build_p2020rdb_release/tmp/work/p2020rdb-fsl_networking-linux-gnuspe/u-boot/git-r33/package/boot/u-boot-P2020RDB-PC-git-r33.bin' replaces existing 6292118 ['no path'].
pseudo: creat for '/home/sangmin/QorIQ-SDK-V1.4-20130625-yocto/build_p2020rdb_release/tmp/work/p2020rdb-fsl_networking-linux-gnuspe/u-boot/git-r33/package/boot/u-boot-nand-P2020RDB-PC_36BIT_NAND-git-r33.bin' replaces existing 6292119 ['no path'].
pseudo: symlink err : 6292123 ['/home/sangmin/QorIQ-SDK-V1.4-20130625-yocto/build_p2020rdb_release/tmp/work/p2020rdb-fsl_networking-linux-gnuspe/u-boot/git-r33/package/boot/u-boot.bin'] (db 'no path') db mode 0100755, header mode 0120777 (unlinking db)
pseudo: creat for '/home/sangmin/QorIQ-SDK-V1.4-20130625-yocto/build_p2020rdb_release/tmp/work/p2020rdb-fsl_networking-linux-gnuspe/u-boot/git-r33/package/boot/u-boot-P2020RDB-PC_36BIT-git-r33.bin' replaces existing 6292124 ['no path'].
pseudo: creat for '/home/sangmin/QorIQ-SDK-V1.4-20130625-yocto/build_p2020rdb_release/tmp/work/p2020rdb-fsl_networking-linux-gnuspe/u-boot/git-r33/package/boot/u-boot-sd-P2020RDB-PC_36BIT_SDCARD-git-r33.bin' replaces existing 6292125 ['no path'].
pseudo: path mismatch [2 links]: ino 463535 db '/run/shm/sem.mp12519-8' req '/run/shm/sem.cZt4sF'.
pseudo: path mismatch [2 links]: ino 463536 db '/run/shm/sem.mp12519-9' req '/run/shm/sem.ES77lr'.
pseudo: path mismatch [2 links]: ino 463538 db '/run/shm/sem.mp12519-10' req '/run/shm/sem.SK9dfd'.
pseudo: path mismatch [2 links]: ino 463539 db '/run/shm/sem.mp12519-11' req '/run/shm/sem.qM9l8Y'.
pseudo: path mismatch [2 links]: ino 463542 db '/run/shm/sem.mp12519-12' req '/run/shm/sem.nadmGL'.
pseudo: path mismatch [2 links]: ino 463543 db '/run/shm/sem.mp12519-13' req '/run/shm/sem.HOzoey'.
pseudo: path mismatch [2 links]: ino 463545 db '/run/shm/sem.mp12519-14' req '/run/shm/sem.z60sMk'.
pseudo: path mismatch [2 links]: ino 463546 db '/run/shm/sem.mp12519-15' req '/run/shm/sem.jwqzk7'.
pseudo: creat for '/home/sangmin/QorIQ-SDK-V1.4-20130625-yocto/build_p2020rdb_release/tmp/deploy/rpm/p2020rdb/u-boot-images-git-r33.p2020rdb.rpm' replaces existing 5248556 ['no path'].
pseudo: creat for '/home/sangmin/QorIQ-SDK-V1.4-20130625-yocto/build_p2020rdb_release/tmp/deploy/rpm/p2020rdb/u-boot-dev-git-r33.p2020rdb.rpm' replaces existing 5248557 ['no path'].
pseudo: creat for '/home/sangmin/QorIQ-SDK-V1.4-20130625-yocto/build_p2020rdb_release/tmp/deploy/rpm/p2020rdb/u-boot-dbg-git-r33.p2020rdb.rpm' replaces existing 5248558 ['no path'].
pseudo: creat for '/home/sangmin/QorIQ-SDK-V1.4-20130625-yocto/build_p2020rdb_release/tmp/deploy/rpm/p2020rdb/u-boot-git-r33.p2020rdb.rpm' replaces existing 5248559 ['no path'].
pseudo: creat for '/home/sangmin/QorIQ-SDK-V1.4-20130625-yocto/build_p2020rdb_release/tmp/work/p2020rdb-fsl_networking-linux-gnuspe/u-boot/git-r33/package/boot/u-boot-nand-P2020RDB-PC_36BIT_NAND-git-r33.bin' replaces existing 6292118 ['no path'].
pseudo: symlink err : 6292119 ['/home/sangmin/QorIQ-SDK-V1.4-20130625-yocto/build_p2020rdb_release/tmp/work/p2020rdb-fsl_networking-linux-gnuspe/u-boot/git-r33/package/boot/u-boot-sd.bin'] (db 'no path') db mode 0100755, header mode 0120777 (unlinking db)
pseudo: creat for '/home/sangmin/QorIQ-SDK-V1.4-20130625-yocto/build_p2020rdb_release/tmp/work/p2020rdb-fsl_networking-linux-gnuspe/u-boot/git-r33/package/boot/u-boot-P2020RDB-PC_36BIT-git-r33.bin' replaces existing 6292124 ['no path'].
pseudo: creat for '/home/sangmin/QorIQ-SDK-V1.4-20130625-yocto/build_p2020rdb_release/tmp/work/p2020rdb-fsl_networking-linux-gnuspe/u-boot/git-r33/package/boot/u-boot-sd-P2020RDB-PC_36BIT_SDCARD-git-r33.bin' replaces existing 6292125 ['no path'].
pseudo: creat for '/home/sangmin/QorIQ-SDK-V1.4-20130625-yocto/build_p2020rdb_release/tmp/work/p2020rdb-fsl_networking-linux-gnuspe/u-boot/git-r33/package/boot/u-boot-spi-P2020RDB-PC_36BIT_SPIFLASH-git-r33.bin' replaces existing 6292126 ['no path'].
pseudo: symlink err : 6292127 ['/home/sangmin/QorIQ-SDK-V1.4-20130625-yocto/build_p2020rdb_release/tmp/work/p2020rdb-fsl_networking-linux-gnuspe/u-boot/git-r33/package/boot/u-boot-nand.bin'] (db 'no path') db mode 0100755, header mode 0120777 (unlinking db)
pseudo: creat for '/home/sangmin/QorIQ-SDK-V1.4-20130625-yocto/build_p2020rdb_release/tmp/work/p2020rdb-fsl_networking-linux-gnuspe/u-boot/git-r33/package/boot/u-boot-sd-P2020RDB-PC_SDCARD-git-r33.bin' replaces existing 6292144 ['no path'].
pseudo: path mismatch [2 links]: ino 751013 db '/run/shm/sem.mp18165-8' req '/run/shm/sem.9Z8rFB'.
pseudo: path mismatch [2 links]: ino 751014 db '/run/shm/sem.mp18165-9' req '/run/shm/sem.kqpOch'.
pseudo: path mismatch [2 links]: ino 751016 db '/run/shm/sem.mp18165-10' req '/run/shm/sem.wl0cKW'.
pseudo: path mismatch [2 links]: ino 751017 db '/run/shm/sem.mp18165-11' req '/run/shm/sem.q9JDhC'.
pseudo: path mismatch [2 links]: ino 751019 db '/run/shm/sem.mp18165-12' req '/run/shm/sem.hNgMji'.
pseudo: path mismatch [2 links]: ino 751020 db '/run/shm/sem.mp18165-13' req '/run/shm/sem.Y2EYlY'.
pseudo: path mismatch [2 links]: ino 751022 db '/run/shm/sem.mp18165-14' req '/run/shm/sem.9aIdoE'.
pseudo: path mismatch [2 links]: ino 751023 db '/run/shm/sem.mp18165-15' req '/run/shm/sem.ZaFuqk'.
pseudo: creat for '/home/sangmin/QorIQ-SDK-V1.4-20130625-yocto/build_p2020rdb_release/tmp/deploy/rpm/p2020rdb/u-boot-images-git-r33.p2020rdb.rpm' replaces existing 5248556 ['no path'].
pseudo: creat for '/home/sangmin/QorIQ-SDK-V1.4-20130625-yocto/build_p2020rdb_release/tmp/deploy/rpm/p2020rdb/u-boot-dev-git-r33.p2020rdb.rpm' replaces existing 5248557 ['no path'].
pseudo: creat for '/home/sangmin/QorIQ-SDK-V1.4-20130625-yocto/build_p2020rdb_release/tmp/deploy/rpm/p2020rdb/u-boot-dbg-git-r33.p2020rdb.rpm' replaces existing 5248558 ['no path'].
pseudo: creat for '/home/sangmin/QorIQ-SDK-V1.4-20130625-yocto/build_p2020rdb_release/tmp/deploy/rpm/p2020rdb/u-boot-git-r33.p2020rdb.rpm' replaces existing 5248559 ['no path'].
pseudo: creat for '/home/sangmin/QorIQ-SDK-V1.4-20130625-yocto/build_p2020rdb_release/tmp/work/p2020rdb-fsl_networking-linux-gnuspe/u-boot/git-r33/temp/run.perform_packagecopy.9076' replaces existing 6292068 ['no path'].
pseudo: dir err : 6292117 ['/home/sangmin/QorIQ-SDK-V1.4-20130625-yocto/build_p2020rdb_release/tmp/work/p2020rdb-fsl_networking-linux-gnuspe/u-boot/git-r33/package/boot'] (db 'no path') db mode 0100755, header mode 040700 (unlinking db)
pseudo: creat for '/home/sangmin/QorIQ-SDK-V1.4-20130625-yocto/build_p2020rdb_release/tmp/work/p2020rdb-fsl_networking-linux-gnuspe/u-boot/git-r33/package/boot/u-boot-P2020RDB-PC-git-r33.bin' replaces existing 6292118 ['no path'].
pseudo: symlink err : 6292124 ['/home/sangmin/QorIQ-SDK-V1.4-20130625-yocto/build_p2020rdb_release/tmp/work/p2020rdb-fsl_networking-linux-gnuspe/u-boot/git-r33/package/boot/u-boot-spi.bin'] (db 'no path') db mode 0100755, header mode 0120777 (unlinking db)
pseudo: symlink err : 6292125 ['/home/sangmin/QorIQ-SDK-V1.4-20130625-yocto/build_p2020rdb_release/tmp/work/p2020rdb-fsl_networking-linux-gnuspe/u-boot/git-r33/package/boot/u-boot.bin'] (db 'no path') db mode 0100755, header mode 0120777 (unlinking db)
pseudo: creat for '/home/sangmin/QorIQ-SDK-V1.4-20130625-yocto/build_p2020rdb_release/tmp/work/p2020rdb-fsl_networking-linux-gnuspe/u-boot/git-r33/package/boot/u-boot-P2020RDB-PC_36BIT-git-r33.bin' replaces existing 6292126 ['no path'].
pseudo: creat for '/home/sangmin/QorIQ-SDK-V1.4-20130625-yocto/build_p2020rdb_release/tmp/work/p2020rdb-fsl_networking-linux-gnuspe/u-boot/git-r33/package/boot/u-boot-spi-P2020RDB-PC_36BIT_SPIFLASH-git-r33.bin' replaces existing 6292144 ['no path'].
pseudo: symlink err : 6292163 ['/home/sangmin/QorIQ-SDK-V1.4-20130625-yocto/build_p2020rdb_release/tmp/work/p2020rdb-fsl_networking-linux-gnuspe/u-boot/git-r33/package/boot/u-boot-nand.bin'] (db 'no path') db mode 0100755, header mode 0120777 (unlinking db)
pseudo: path mismatch [2 links]: ino 295103 db '/run/shm/sem.mp9076-8' req '/run/shm/sem.YPOBZZ'.
pseudo: path mismatch [2 links]: ino 295104 db '/run/shm/sem.mp9076-9' req '/run/shm/sem.05PQWl'.
pseudo: path mismatch [2 links]: ino 295106 db '/run/shm/sem.mp9076-10' req '/run/shm/sem.lGX7TH'.
pseudo: path mismatch [2 links]: ino 295107 db '/run/shm/sem.mp9076-11' req '/run/shm/sem.nZ5qR3'.
pseudo: path mismatch [2 links]: ino 295109 db '/run/shm/sem.mp9076-12' req '/run/shm/sem.y6Nulq'.
pseudo: path mismatch [2 links]: ino 295110 db '/run/shm/sem.mp9076-13' req '/run/shm/sem.df3BPM'.
pseudo: path mismatch [2 links]: ino 295112 db '/run/shm/sem.mp9076-14' req '/run/shm/sem.maZLj9'.
pseudo: path mismatch [2 links]: ino 295113 db '/run/shm/sem.mp9076-15' req '/run/shm/sem.ZDFXNv'.
pseudo: creat for '/home/sangmin/QorIQ-SDK-V1.4-20130625-yocto/build_p2020rdb_release/tmp/deploy/rpm/p2020rdb/u-boot-images-git-r33.p2020rdb.rpm' replaces existing 5248556 ['no path'].
pseudo: creat for '/home/sangmin/QorIQ-SDK-V1.4-20130625-yocto/build_p2020rdb_release/tmp/deploy/rpm/p2020rdb/u-boot-dev-git-r33.p2020rdb.rpm' replaces existing 5248557 ['no path'].
pseudo: creat for '/home/sangmin/QorIQ-SDK-V1.4-20130625-yocto/build_p2020rdb_release/tmp/deploy/rpm/p2020rdb/u-boot-dbg-git-r33.p2020rdb.rpm' replaces existing 5248558 ['no path'].
pseudo: creat for '/home/sangmin/QorIQ-SDK-V1.4-20130625-yocto/build_p2020rdb_release/tmp/deploy/rpm/p2020rdb/u-boot-git-r33.p2020rdb.rpm' replaces existing 5248559 ['no path'].
pseudo: dir err : 6292118 ['/home/sangmin/QorIQ-SDK-V1.4-20130625-yocto/build_p2020rdb_release/tmp/work/p2020rdb-fsl_networking-linux-gnuspe/u-boot/git-r33/package/boot'] (db 'no path') db mode 0100755, header mode 040700 (unlinking db)
pseudo: creat for '/home/sangmin/QorIQ-SDK-V1.4-20130625-yocto/build_p2020rdb_release/tmp/work/p2020rdb-fsl_networking-linux-gnuspe/u-boot/git-r33/package/boot/u-boot-P2020RDB-PC-git-r33.bin' replaces existing 6292119 ['no path'].
pseudo: symlink err : 6292123 ['/home/sangmin/QorIQ-SDK-V1.4-20130625-yocto/build_p2020rdb_release/tmp/work/p2020rdb-fsl_networking-linux-gnuspe/u-boot/git-r33/package/boot/u-boot-sd.bin'] (db 'no path') db mode 0100755, header mode 0120777 (unlinking db)
pseudo: creat for '/home/sangmin/QorIQ-SDK-V1.4-20130625-yocto/build_p2020rdb_release/tmp/work/p2020rdb-fsl_networking-linux-gnuspe/u-boot/git-r33/package/boot/u-boot-spi-P2020RDB-PC_SPIFLASH-git-r33.bin' replaces existing 6292121 ['no path'].
pseudo: symlink err : 6292126 ['/home/sangmin/QorIQ-SDK-V1.4-20130625-yocto/build_p2020rdb_release/tmp/work/p2020rdb-fsl_networking-linux-gnuspe/u-boot/git-r33/package/boot/u-boot.bin'] (db 'no path') db mode 0100755, header mode 0120777 (unlinking db)
pseudo: creat for '/home/sangmin/QorIQ-SDK-V1.4-20130625-yocto/build_p2020rdb_release/tmp/work/p2020rdb-fsl_networking-linux-gnuspe/u-boot/git-r33/package/boot/u-boot-P2020RDB-PC_36BIT-git-r33.bin' replaces existing 6292127 ['no path'].
pseudo: creat for '/home/sangmin/QorIQ-SDK-V1.4-20130625-yocto/build_p2020rdb_release/tmp/work/p2020rdb-fsl_networking-linux-gnuspe/u-boot/git-r33/package/boot/u-boot-sd-P2020RDB-PC_36BIT_SDCARD-git-r33.bin' replaces existing 6292144 ['no path'].
pseudo: creat for '/home/sangmin/QorIQ-SDK-V1.4-20130625-yocto/build_p2020rdb_release/tmp/work/p2020rdb-fsl_networking-linux-gnuspe/u-boot/git-r33/package/boot/u-boot-sd-P2020RDB-PC_SDCARD-git-r33.bin' replaces existing 6298142 ['no path'].
pseudo: path mismatch [2 links]: ino 408833 db '/run/shm/sem.mp14555-8' req '/run/shm/sem.rw1Ybn'.
pseudo: path mismatch [2 links]: ino 408834 db '/run/shm/sem.mp14555-9' req '/run/shm/sem.bq6ZIc'.
pseudo: path mismatch [2 links]: ino 408836 db '/run/shm/sem.mp14555-10' req '/run/shm/sem.Lfo3f2'.
pseudo: path mismatch [2 links]: ino 408837 db '/run/shm/sem.mp14555-11' req '/run/shm/sem.myA8MR'.
pseudo: path mismatch [2 links]: ino 406345 db '/run/shm/sem.mp14555-12' req '/run/shm/sem.0zzhOH'.
pseudo: path mismatch [2 links]: ino 406346 db '/run/shm/sem.mp14555-13' req '/run/shm/sem.nyetPx'.
pseudo: path mismatch [2 links]: ino 406348 db '/run/shm/sem.mp14555-14' req '/run/shm/sem.tC5GQn'.
pseudo: path mismatch [2 links]: ino 406349 db '/run/shm/sem.mp14555-15' req '/run/shm/sem.zINWRd'.
pseudo: creat for '/home/sangmin/QorIQ-SDK-V1.4-20130625-yocto/build_p2020rdb_release/tmp/deploy/rpm/p2020rdb/u-boot-images-git-r33.p2020rdb.rpm' replaces existing 5248556 ['no path'].
pseudo: creat for '/home/sangmin/QorIQ-SDK-V1.4-20130625-yocto/build_p2020rdb_release/tmp/deploy/rpm/p2020rdb/u-boot-dev-git-r33.p2020rdb.rpm' replaces existing 5248557 ['no path'].
pseudo: creat for '/home/sangmin/QorIQ-SDK-V1.4-20130625-yocto/build_p2020rdb_release/tmp/deploy/rpm/p2020rdb/u-boot-dbg-git-r33.p2020rdb.rpm' replaces existing 5248558 ['no path'].
pseudo: creat for '/home/sangmin/QorIQ-SDK-V1.4-20130625-yocto/build_p2020rdb_release/tmp/deploy/rpm/p2020rdb/u-boot-git-r33.p2020rdb.rpm' replaces existing 5248559 ['no path'].
pseudo: creat for '/home/sangmin/QorIQ-SDK-V1.4-20130625-yocto/build_p2020rdb_release/tmp/work/p2020rdb-fsl_networking-linux-gnuspe/u-boot/git-r33/package/boot/u-boot-spi-P2020RDB-PC_SPIFLASH-git-r33.bin' replaces existing 6292127 ['no path'].
pseudo: symlink err : 6292133 ['/home/sangmin/QorIQ-SDK-V1.4-20130625-yocto/build_p2020rdb_release/tmp/work/p2020rdb-fsl_networking-linux-gnuspe/u-boot/git-r33/package/boot/u-boot-spi.bin'] (db 'no path') db mode 0100755, header mode 0120777 (unlinking db)
pseudo: symlink err : 6292144 ['/home/sangmin/QorIQ-SDK-V1.4-20130625-yocto/build_p2020rdb_release/tmp/work/p2020rdb-fsl_networking-linux-gnuspe/u-boot/git-r33/package/boot/u-boot.bin'] (db 'no path') db mode 0100755, header mode 0120777 (unlinking db)
pseudo: creat for '/home/sangmin/QorIQ-SDK-V1.4-20130625-yocto/build_p2020rdb_release/tmp/work/p2020rdb-fsl_networking-linux-gnuspe/u-boot/git-r33/package/boot/u-boot-P2020RDB-PC_36BIT-git-r33.bin' replaces existing 6292163 ['no path'].
pseudo: creat for '/home/sangmin/QorIQ-SDK-V1.4-20130625-yocto/build_p2020rdb_release/tmp/work/p2020rdb-fsl_networking-linux-gnuspe/u-boot/git-r33/package/boot/u-boot-sd-P2020RDB-PC_36BIT_SDCARD-git-r33.bin' replaces existing 6298142 ['no path'].
pseudo: creat for '/home/sangmin/QorIQ-SDK-V1.4-20130625-yocto/build_p2020rdb_release/tmp/work/p2020rdb-fsl_networking-linux-gnuspe/u-boot/git-r33/package/boot/u-boot-spi-P2020RDB-PC_36BIT_SPIFLASH-git-r33.bin' replaces existing 6298143 ['no path'].
pseudo: symlink err : 6298163 ['/home/sangmin/QorIQ-SDK-V1.4-20130625-yocto/build_p2020rdb_release/tmp/work/p2020rdb-fsl_networking-linux-gnuspe/u-boot/git-r33/package/boot/u-boot-nand.bin'] (db 'no path') db mode 0100755, header mode 0120777 (unlinking db)
pseudo: path mismatch [2 links]: ino 569835 db '/run/shm/sem.mp29706-8' req '/run/shm/sem.wg4UfQ'.
pseudo: path mismatch [2 links]: ino 569836 db '/run/shm/sem.mp29706-9' req '/run/shm/sem.3wMgaR'.
pseudo: path mismatch [2 links]: ino 569838 db '/run/shm/sem.mp29706-10' req '/run/shm/sem.TYFE4R'.
pseudo: path mismatch [2 links]: ino 569839 db '/run/shm/sem.mp29706-11' req '/run/shm/sem.LXu4YS'.
pseudo: path mismatch [2 links]: ino 569842 db '/run/shm/sem.mp29706-12' req '/run/shm/sem.3aytrU'.
pseudo: path mismatch [2 links]: ino 566266 db '/run/shm/sem.mp29706-13' req '/run/shm/sem.en2XTV'.
pseudo: path mismatch [2 links]: ino 566268 db '/run/shm/sem.mp29706-14' req '/run/shm/sem.HzTumX'.
pseudo: path mismatch [2 links]: ino 566269 db '/run/shm/sem.mp29706-15' req '/run/shm/sem.ozI3OY'.
pseudo: creat for '/home/sangmin/QorIQ-SDK-V1.4-20130625-yocto/build_p2020rdb_release/tmp/deploy/rpm/p2020rdb/u-boot-images-git-r33.p2020rdb.rpm' replaces existing 5248556 ['no path'].
pseudo: creat for '/home/sangmin/QorIQ-SDK-V1.4-20130625-yocto/build_p2020rdb_release/tmp/deploy/rpm/p2020rdb/u-boot-dev-git-r33.p2020rdb.rpm' replaces existing 5248557 ['no path'].
pseudo: creat for '/home/sangmin/QorIQ-SDK-V1.4-20130625-yocto/build_p2020rdb_release/tmp/deploy/rpm/p2020rdb/u-boot-dbg-git-r33.p2020rdb.rpm' replaces existing 5248558 ['no path'].
pseudo: creat for '/home/sangmin/QorIQ-SDK-V1.4-20130625-yocto/build_p2020rdb_release/tmp/deploy/rpm/p2020rdb/u-boot-git-r33.p2020rdb.rpm' replaces existing 5248559 ['no path'].
pseudo: dir err : 6292124 ['/home/sangmin/QorIQ-SDK-V1.4-20130625-yocto/build_p2020rdb_release/tmp/work/p2020rdb-fsl_networking-linux-gnuspe/u-boot/git-r33/package/boot'] (db 'no path') db mode 0100755, header mode 040700 (unlinking db)
pseudo: creat for '/home/sangmin/QorIQ-SDK-V1.4-20130625-yocto/build_p2020rdb_release/tmp/work/p2020rdb-fsl_networking-linux-gnuspe/u-boot/git-r33/package/boot/u-boot-P2020RDB-PC-git-r33.bin' replaces existing 6292125 ['no path'].
pseudo: symlink err : 6292127 ['/home/sangmin/QorIQ-SDK-V1.4-20130625-yocto/build_p2020rdb_release/tmp/work/p2020rdb-fsl_networking-linux-gnuspe/u-boot/git-r33/package/boot/u-boot-sd.bin'] (db 'no path') db mode 0100755, header mode 0120777 (unlinking db)
pseudo: symlink err : 6292163 ['/home/sangmin/QorIQ-SDK-V1.4-20130625-yocto/build_p2020rdb_release/tmp/work/p2020rdb-fsl_networking-linux-gnuspe/u-boot/git-r33/package/boot/u-boot.bin'] (db 'no path') db mode 0100755, header mode 0120777 (unlinking db)
pseudo: creat for '/home/sangmin/QorIQ-SDK-V1.4-20130625-yocto/build_p2020rdb_release/tmp/work/p2020rdb-fsl_networking-linux-gnuspe/u-boot/git-r33/package/boot/u-boot-P2020RDB-PC_36BIT-git-r33.bin' replaces existing 6292119 ['no path'].
pseudo: creat for '/home/sangmin/QorIQ-SDK-V1.4-20130625-yocto/build_p2020rdb_release/tmp/work/p2020rdb-fsl_networking-linux-gnuspe/u-boot/git-r33/package/boot/u-boot-sd-P2020RDB-PC_36BIT_SDCARD-git-r33.bin' replaces existing 6298143 ['no path'].
pseudo: symlink err : 6300519 ['/home/sangmin/QorIQ-SDK-V1.4-20130625-yocto/build_p2020rdb_release/tmp/work/p2020rdb-fsl_networking-linux-gnuspe/u-boot/git-r33/package/boot/u-boot-nand.bin'] (db 'no path') db mode 0100755, header mode 0120777 (unlinking db)
pseudo: creat for '/home/sangmin/QorIQ-SDK-V1.4-20130625-yocto/build_p2020rdb_release/tmp/work/p2020rdb-fsl_networking-linux-gnuspe/u-boot/git-r33/package/boot/u-boot-sd-P2020RDB-PC_SDCARD-git-r33.bin' replaces existing 6300520 ['no path'].
pseudo: path mismatch [2 links]: ino 662391 db '/run/shm/sem.mp6911-8' req '/run/shm/sem.tHkL6b'.
pseudo: path mismatch [2 links]: ino 662392 db '/run/shm/sem.mp6911-9' req '/run/shm/sem.FEAjsT'.
pseudo: path mismatch [2 links]: ino 662394 db '/run/shm/sem.mp6911-10' req '/run/shm/sem.Xj0TNA'.
pseudo: path mismatch [2 links]: ino 662395 db '/run/shm/sem.mp6911-11' req '/run/shm/sem.wptw9h'.
pseudo: path mismatch [2 links]: ino 663774 db '/run/shm/sem.mp6911-12' req '/run/shm/sem.X7MjZZ'.
pseudo: path mismatch [2 links]: ino 663775 db '/run/shm/sem.mp6911-13' req '/run/shm/sem.gFraPH'.
pseudo: path mismatch [2 links]: ino 663777 db '/run/shm/sem.mp6911-14' req '/run/shm/sem.4Db3Ep'.
pseudo: path mismatch [2 links]: ino 663778 db '/run/shm/sem.mp6911-15' req '/run/shm/sem.iWqYu7'.
pseudo: creat for '/home/sangmin/QorIQ-SDK-V1.4-20130625-yocto/build_p2020rdb_release/tmp/deploy/rpm/p2020rdb/u-boot-images-git-r33.p2020rdb.rpm' replaces existing 5248556 ['no path'].
pseudo: creat for '/home/sangmin/QorIQ-SDK-V1.4-20130625-yocto/build_p2020rdb_release/tmp/deploy/rpm/p2020rdb/u-boot-dev-git-r33.p2020rdb.rpm' replaces existing 5248557 ['no path'].
pseudo: creat for '/home/sangmin/QorIQ-SDK-V1.4-20130625-yocto/build_p2020rdb_release/tmp/deploy/rpm/p2020rdb/u-boot-dbg-git-r33.p2020rdb.rpm' replaces existing 5248558 ['no path'].
pseudo: creat for '/home/sangmin/QorIQ-SDK-V1.4-20130625-yocto/build_p2020rdb_release/tmp/deploy/rpm/p2020rdb/u-boot-git-r33.p2020rdb.rpm' replaces existing 5248559 ['no path'].
pseudo: creat for '/home/sangmin/QorIQ-SDK-V1.4-20130625-yocto/build_p2020rdb_release/tmp/work/p2020rdb-fsl_networking-linux-gnuspe/u-boot/git-r33/temp/run.perform_packagecopy.12289' replaces existing 6292119 ['no path'].
pseudo: creat for '/home/sangmin/QorIQ-SDK-V1.4-20130625-yocto/build_p2020rdb_release/tmp/work/p2020rdb-fsl_networking-linux-gnuspe/u-boot/git-r33/package/boot/u-boot-P2020RDB-PC-git-r33.bin' replaces existing 6292125 ['no path'].
pseudo: creat for '/home/sangmin/QorIQ-SDK-V1.4-20130625-yocto/build_p2020rdb_release/tmp/work/p2020rdb-fsl_networking-linux-gnuspe/u-boot/git-r33/package/boot/u-boot-nand-P2020RDB-PC_36BIT_NAND-git-r33.bin' replaces existing 6292126 ['no path'].
pseudo: creat for '/home/sangmin/QorIQ-SDK-V1.4-20130625-yocto/build_p2020rdb_release/tmp/work/p2020rdb-fsl_networking-linux-gnuspe/u-boot/git-r33/package/boot/u-boot-P2020RDB-PC_36BIT-git-r33.bin' replaces existing 6298143 ['no path'].
pseudo: creat for '/home/sangmin/QorIQ-SDK-V1.4-20130625-yocto/build_p2020rdb_release/tmp/work/p2020rdb-fsl_networking-linux-gnuspe/u-boot/git-r33/package/boot/u-boot-sd-P2020RDB-PC_36BIT_SDCARD-git-r33.bin' replaces existing 6298163 ['no path'].
pseudo: creat for '/home/sangmin/QorIQ-SDK-V1.4-20130625-yocto/build_p2020rdb_release/tmp/work/p2020rdb-fsl_networking-linux-gnuspe/u-boot/git-r33/package/boot/u-boot-spi-P2020RDB-PC_36BIT_SPIFLASH-git-r33.bin' replaces existing 6298142 ['no path'].
pseudo: symlink err : 6300520 ['/home/sangmin/QorIQ-SDK-V1.4-20130625-yocto/build_p2020rdb_release/tmp/work/p2020rdb-fsl_networking-linux-gnuspe/u-boot/git-r33/package/boot/u-boot-nand.bin'] (db 'no path') db mode 0100755, header mode 0120777 (unlinking db)
pseudo: creat for '/home/sangmin/QorIQ-SDK-V1.4-20130625-yocto/build_p2020rdb_release/tmp/work/p2020rdb-fsl_networking-linux-gnuspe/u-boot/git-r33/package/boot/u-boot-sd-P2020RDB-PC_SDCARD-git-r33.bin' replaces existing 6300539 ['no path'].
pseudo: path mismatch [2 links]: ino 733840 db '/run/shm/sem.mp12289-8' req '/run/shm/sem.Prtt9H'.
pseudo: path mismatch [2 links]: ino 733841 db '/run/shm/sem.mp12289-9' req '/run/shm/sem.ZzriWm'.
pseudo: path mismatch [2 links]: ino 733843 db '/run/shm/sem.mp12289-10' req '/run/shm/sem.eVF9I1'.
pseudo: path mismatch [2 links]: ino 733844 db '/run/shm/sem.mp12289-11' req '/run/shm/sem.JOU2vG'.
pseudo: path mismatch [2 links]: ino 733847 db '/run/shm/sem.mp12289-12' req '/run/shm/sem.K9bnNl'.
pseudo: path mismatch [2 links]: ino 733848 db '/run/shm/sem.mp12289-13' req '/run/shm/sem.A6tK40'.
pseudo: path mismatch [2 links]: ino 733850 db '/run/shm/sem.mp12289-14' req '/run/shm/sem.T6N9lG'.
pseudo: path mismatch [2 links]: ino 733851 db '/run/shm/sem.mp12289-15' req '/run/shm/sem.Hf9ADl'.
pseudo: creat for '/home/sangmin/QorIQ-SDK-V1.4-20130625-yocto/build_p2020rdb_release/tmp/deploy/rpm/p2020rdb/u-boot-images-git-r33.p2020rdb.rpm' replaces existing 5248556 ['no path'].
pseudo: creat for '/home/sangmin/QorIQ-SDK-V1.4-20130625-yocto/build_p2020rdb_release/tmp/deploy/rpm/p2020rdb/u-boot-dev-git-r33.p2020rdb.rpm' replaces existing 5248557 ['no path'].
pseudo: creat for '/home/sangmin/QorIQ-SDK-V1.4-20130625-yocto/build_p2020rdb_release/tmp/deploy/rpm/p2020rdb/u-boot-dbg-git-r33.p2020rdb.rpm' replaces existing 5248558 ['no path'].
pseudo: creat for '/home/sangmin/QorIQ-SDK-V1.4-20130625-yocto/build_p2020rdb_release/tmp/deploy/rpm/p2020rdb/u-boot-git-r33.p2020rdb.rpm' replaces existing 5248559 ['no path'].
pseudo: creat for '/home/sangmin/QorIQ-SDK-V1.4-20130625-yocto/build_p2020rdb_release/tmp/work/p2020rdb-fsl_networking-linux-gnuspe/u-boot/git-r33/package/boot/u-boot-P2020RDB-PC-git-r33.bin' replaces existing 6292125 ['no path'].
pseudo: creat for '/home/sangmin/QorIQ-SDK-V1.4-20130625-yocto/build_p2020rdb_release/tmp/work/p2020rdb-fsl_networking-linux-gnuspe/u-boot/git-r33/package/boot/u-boot-nand-P2020RDB-PC_36BIT_NAND-git-r33.bin' replaces existing 6292127 ['no path'].
pseudo: symlink err : 6292133 ['/home/sangmin/QorIQ-SDK-V1.4-20130625-yocto/build_p2020rdb_release/tmp/work/p2020rdb-fsl_networking-linux-gnuspe/u-boot/git-r33/package/boot/u-boot-sd.bin'] (db 'no path') db mode 0100755, header mode 0120777 (unlinking db)
pseudo: symlink err : 6298142 ['/home/sangmin/QorIQ-SDK-V1.4-20130625-yocto/build_p2020rdb_release/tmp/work/p2020rdb-fsl_networking-linux-gnuspe/u-boot/git-r33/package/boot/u-boot-spi.bin'] (db 'no path') db mode 0100755, header mode 0120777 (unlinking db)
pseudo: symlink err : 6298143 ['/home/sangmin/QorIQ-SDK-V1.4-20130625-yocto/build_p2020rdb_release/tmp/work/p2020rdb-fsl_networking-linux-gnuspe/u-boot/git-r33/package/boot/u-boot.bin'] (db 'no path') db mode 0100755, header mode 0120777 (unlinking db)
pseudo: creat for '/home/sangmin/QorIQ-SDK-V1.4-20130625-yocto/build_p2020rdb_release/tmp/work/p2020rdb-fsl_networking-linux-gnuspe/u-boot/git-r33/package/boot/u-boot-P2020RDB-PC_36BIT-git-r33.bin' replaces existing 6298163 ['no path'].
pseudo: symlink err : 6300539 ['/home/sangmin/QorIQ-SDK-V1.4-20130625-yocto/build_p2020rdb_release/tmp/work/p2020rdb-fsl_networking-linux-gnuspe/u-boot/git-r33/package/boot/u-boot-nand.bin'] (db 'no path') db mode 0100755, header mode 0120777 (unlinking db)
pseudo: path mismatch [2 links]: ino 896501 db '/run/shm/sem.mp17908-8' req '/run/shm/sem.OIMpxS'.
pseudo: path mismatch [2 links]: ino 896502 db '/run/shm/sem.mp17908-9' req '/run/shm/sem.vHsW4H'.
pseudo: path mismatch [2 links]: ino 896504 db '/run/shm/sem.mp17908-10' req '/run/shm/sem.UrHvCx'.
pseudo: path mismatch [2 links]: ino 896505 db '/run/shm/sem.mp17908-11' req '/run/shm/sem.ycZ69m'.
pseudo: path mismatch [2 links]: ino 896537 db '/run/shm/sem.mp17908-12' req '/run/shm/sem.1IMfdd'.
pseudo: path mismatch [2 links]: ino 896538 db '/run/shm/sem.mp17908-13' req '/run/shm/sem.c30qg3'.
pseudo: path mismatch [2 links]: ino 897320 db '/run/shm/sem.mp17908-14' req '/run/shm/sem.u2YEjT'.
pseudo: path mismatch [2 links]: ino 897321 db '/run/shm/sem.mp17908-15' req '/run/shm/sem.OAfVmJ'.
pseudo: creat for '/home/sangmin/QorIQ-SDK-V1.4-20130625-yocto/build_p2020rdb_release/tmp/deploy/rpm/p2020rdb/u-boot-images-git-r33.p2020rdb.rpm' replaces existing 5248556 ['no path'].
pseudo: creat for '/home/sangmin/QorIQ-SDK-V1.4-20130625-yocto/build_p2020rdb_release/tmp/deploy/rpm/p2020rdb/u-boot-dev-git-r33.p2020rdb.rpm' replaces existing 5248557 ['no path'].
pseudo: creat for '/home/sangmin/QorIQ-SDK-V1.4-20130625-yocto/build_p2020rdb_release/tmp/deploy/rpm/p2020rdb/u-boot-dbg-git-r33.p2020rdb.rpm' replaces existing 5248558 ['no path'].
pseudo: creat for '/home/sangmin/QorIQ-SDK-V1.4-20130625-yocto/build_p2020rdb_release/tmp/deploy/rpm/p2020rdb/u-boot-git-r33.p2020rdb.rpm' replaces existing 5248559 ['no path'].
